\BOOKMARK [1][]{section.1}{\376\377\000\247\0001\000\040\133\236\232\214\166\356\166\204}{}% 1
\BOOKMARK [1][]{section.2}{\376\377\000\247\0002\000\040\133\236\232\214\121\205\133\271}{}% 2
\BOOKMARK [2][]{subsection.2.1}{\376\377\0002\000.\0001\000\040\213\355\227\363\117\341\123\367\166\204\221\307\226\306}{section.2}% 3
\BOOKMARK [2][]{subsection.2.2}{\376\377\0002\000.\0002\000\040\213\355\227\363\117\341\123\367\166\204\230\204\131\004\164\006}{section.2}% 4
\BOOKMARK [2][]{subsection.2.3}{\376\377\0002\000.\0003\000\040\213\355\227\363\117\341\123\367\166\204\167\355\145\366\145\366\127\337\122\006\147\220}{section.2}% 5
\BOOKMARK [3][]{subsubsection.2.3.1}{\376\377\0002\000.\0003\000.\0001\000\040\145\366\127\337\162\171\137\201\166\204\143\320\123\326}{subsection.2.3}% 6
\BOOKMARK [3][]{subsubsection.2.3.2}{\376\377\0002\000.\0003\000.\0002\000\040\172\357\160\271\150\300\155\113\377\032\123\314\225\350\226\120\145\271\154\325}{subsection.2.3}% 7
\BOOKMARK [2][]{subsection.2.4}{\376\377\0002\000.\0004\000\040\122\006\174\173\173\227\154\325}{section.2}% 8
\BOOKMARK [3][]{subsubsection.2.4.1}{\376\377\0002\000.\0004\000.\0001\000\040\121\263\173\126\150\021}{subsection.2.4}% 9
\BOOKMARK [3][]{subsubsection.2.4.2}{\376\377\0002\000.\0004\000.\0002\000\040\000S\000V\000M}{subsection.2.4}% 10
\BOOKMARK [2][]{subsection.2.5}{\376\377\0002\000.\0005\000\040\131\032\122\006\174\173}{section.2}% 11
\BOOKMARK [3][]{subsubsection.2.5.1}{\376\377\0002\000.\0005\000.\0001\000\040\000o\000v\000o}{subsection.2.5}% 12
\BOOKMARK [3][]{subsubsection.2.5.2}{\376\377\0002\000.\0005\000.\0002\000\040\000o\000v\000r}{subsection.2.5}% 13
\BOOKMARK [1][]{section.3}{\376\377\000\247\0003\000\040\133\236\232\214\145\110\147\234\153\324\217\203}{}% 14
\BOOKMARK [2][]{subsection.3.1}{\376\377\0003\000.\0001\000\040\133\236\232\214\123\302\145\160\122\006\147\220}{section.3}% 15
\BOOKMARK [3][]{subsubsection.3.1.1}{\376\377\0003\000.\0001\000.\0001\000\040\136\047\163\207\166\204\137\161\124\315}{subsection.3.1}% 16
\BOOKMARK [3][]{subsubsection.3.1.2}{\376\377\0003\000.\0001\000.\0002\000\040\122\006\174\173\126\150\116\052\145\160\166\204\137\161\124\315}{subsection.3.1}% 17
\BOOKMARK [2][]{subsection.3.2}{\376\377\0003\000.\0002\000\040\145\366\127\337\200\132\174\173\122\006\147\220}{section.3}% 18
\BOOKMARK [1][]{section.4}{\376\377\000\247\0004\000\040\155\101\172\013\213\346\217\360}{}% 19
\BOOKMARK [1][]{section.5}{\376\377\000\247\0005\000\040\226\104\137\125\377\032\166\370\121\163\116\343\170\001}{}% 20
\BOOKMARK [2][]{subsection.5.1}{\376\377\0005\000.\0001\000\040\145\160\143\156\230\204\131\004\164\006\060\001\145\366\127\337\162\171\137\201\166\204\143\320\123\326}{section.5}% 21
\BOOKMARK [2][]{subsection.5.2}{\376\377\0005\000.\0002\000\040\122\006\174\173\173\227\154\325\220\350\122\006}{section.5}% 22
