mktextfm Cambria
mktextfm Cambria
mktextfm Cambria
mktextfm Cambria/BI
mktextfm Cambria
mktextfm Cambria/B
mktextfm Cambria
mktextfm Cambria/I
mktextfm Cambria
mktextfm Cambria
mktextfm Cambria
mktextfm Cambria
mktextfm Cambria
mktextfm Cambria/BI
mktextfm Cambria
mktextfm Cambria/B
mktextfm Cambria
mktextfm Cambria/I
mktextfm Cambria
mktextfm Cambria
mktextfm Cambria
mktextfm Calibri
mktextfm Calibri
mktextfm Calibri
mktextfm Calibri/BI
mktextfm Calibri
mktextfm Calibri/B
mktextfm Calibri
mktextfm Calibri/I
mktextfm Calibri
mktextfm Calibri
mktextfm Calibri
mktextfm Calibri
mktextfm Calibri
mktextfm Calibri/BI
mktextfm Calibri
mktextfm Calibri/B
mktextfm Calibri
mktextfm Calibri/I
mktextfm Calibri
mktextfm Calibri
mktextfm Cambria
mktextfm Cambria
mktextfm Cambria
mktextfm Cambria
mktextfm Cambria
mktextfm Cambria
mktextfm Cambria
mktextfm Cambria
mktextfm Cambria
mktextfm Cambria
mktextfm Cambria
mktextfm Cambria
mktextfm Cambria
mktextfm Cambria
mktextfm Cambria
mktextfm Cambria
mktextfm Cambria/BI
mktextfm Cambria
mktextfm Cambria/B
mktextfm Cambria
mktextfm Cambria/I
mktextfm Cambria
mktextfm Cambria
mktextfm Cambria
mktextfm Cambria
mktextfm Cambria
mktextfm Cambria/BI
mktextfm Cambria
mktextfm Cambria/B
mktextfm Cambria
mktextfm Cambria/I
mktextfm Cambria
mktextfm Cambria
mktextfm Cambria
mktextfm Calibri
mktextfm Calibri
mktextfm Calibri
mktextfm Calibri/BI
mktextfm Calibri
mktextfm Calibri/B
mktextfm Calibri
mktextfm Calibri/I
mktextfm Calibri
mktextfm Calibri
mktextfm Calibri
mktextfm Calibri
mktextfm Calibri
mktextfm Calibri/BI
mktextfm Calibri
mktextfm Calibri/B
mktextfm Calibri
mktextfm Calibri/I
mktextfm Calibri
mktextfm Calibri
mktextfm Cambria
mktextfm Cambria
mktextfm Cambria
mktextfm Cambria
mktextfm Cambria
mktextfm Cambria
mktextfm Cambria
mktextfm Cambria
mktextfm Cambria
mktextfm Cambria
mktextfm Cambria
mktextfm Cambria
mktextfm Cambria
mktextfm SourceHanSerifCN/OT
mktextfm SourceHanSerifCN/OT
mktextfm SourceHanSerifCN/OT
mktextfm SourceHanSerifCN/B/OT
mktextfm SourceHanSerifCN/OT
mktextfm SourceHanSerifCN/BI/OT
mktextfm SourceHanSerifCN/OT
mktextfm SourceHanSerifCN/B/OT
mktextfm SourceHanSerifCN/OT
mktextfm SourceHanSerifCN/OT
mktextfm SourceHanSerifCN/OT
mktextfm SourceHanSerifCN/OT
mktextfm SourceHanSerifCN/OT
mktextfm SourceHanSerifCN/OT
mktextfm SourceHanSerifCN/OT
mktextfm SourceHanSerifCN/OT
mktextfm SourceHanSerifCN/OT
mktextfm SourceHanSerifCN/OT
mktextfm SourceHanSerifCN/OT
mktextfm SourceHanSerifCN/OT
mktextfm SourceHanSerifCN/OT
mktextfm SourceHanSerifCN/OT
mktextfm SourceHanSerifCN/B/OT
mktextfm SourceHanSerifCN/OT
mktextfm SourceHanSerifCN/BI/OT
mktextfm SourceHanSerifCN/OT
mktextfm SourceHanSerifCN/B/OT
mktextfm SourceHanSerifCN/OT
mktextfm SourceHanSerifCN/OT
mktextfm SourceHanSerifCN/OT
mktextfm SourceHanSerifCN/OT
mktextfm SourceHanSerifCN/OT
mktextfm SourceHanSerifCN/OT
mktextfm SourceHanSerifCN/OT
mktextfm SourceHanSerifCN/OT
mktextfm SourceHanSerifCN/OT
mktextfm SourceHanSerifCN/OT
mktextfm SourceHanSerifCN/OT
